Build started 12/16/2017 10:18:30 PM.
     1>Project "C:\Users\Tuan\Documents\Visual Studio 2010\Projects\CS162_Project2v2\CS162_Project2\LinkedList\LinkedList.vcxproj" on node 2 (build target(s)).
     1>InitializeBuildStatus:
         Creating "Debug\LinkedList.unsuccessfulbuild" because "AlwaysCreate" was specified.
       ClCompile:
         C:\Program Files (x86)\Microsoft Visual Studio 10.0\VC\bin\CL.exe /c /ZI /nologo /W3 /WX- /Od /Oy- /D _MBCS /Gm /EHsc /RTC1 /MDd /GS /fp:precise /Zc:wchar_t /Zc:forScope /Fo"Debug\\" /Fd"Debug\vc100.pdb" /Gd /TP /analyze- /errorReport:prompt ArrowFunction.cpp ListFunction.cpp main.cpp MenuFunction.cpp NodeFunction.cpp ScreenFunction.cpp TextFunction.cpp
         TextFunction.cpp
     1>c:\users\tuan\documents\visual studio 2010\projects\cs162_project2v2\cs162_project2\linkedlist\textfunction.h(4): fatal error C1083: Cannot open include file: 'SDL.h': No such file or directory
         ScreenFunction.cpp
     1>c:\users\tuan\documents\visual studio 2010\projects\cs162_project2v2\cs162_project2\linkedlist\screendef.h(5): fatal error C1083: Cannot open include file: 'SDL.h': No such file or directory
         NodeFunction.cpp
     1>c:\users\tuan\documents\visual studio 2010\projects\cs162_project2v2\cs162_project2\linkedlist\nodefunction.h(4): fatal error C1083: Cannot open include file: 'SDL.h': No such file or directory
         MenuFunction.cpp
     1>c:\users\tuan\documents\visual studio 2010\projects\cs162_project2v2\cs162_project2\linkedlist\menufunction.h(4): fatal error C1083: Cannot open include file: 'SDL.h': No such file or directory
         main.cpp
     1>c:\users\tuan\documents\visual studio 2010\projects\cs162_project2v2\cs162_project2\linkedlist\arrowfunction.h(4): fatal error C1083: Cannot open include file: 'SDL.h': No such file or directory
         ListFunction.cpp
     1>c:\users\tuan\documents\visual studio 2010\projects\cs162_project2v2\cs162_project2\linkedlist\listfunction.h(4): fatal error C1083: Cannot open include file: 'SDL.h': No such file or directory
         ArrowFunction.cpp
     1>c:\users\tuan\documents\visual studio 2010\projects\cs162_project2v2\cs162_project2\linkedlist\arrowfunction.h(4): fatal error C1083: Cannot open include file: 'SDL.h': No such file or directory
         Generating Code...
     1>Done Building Project "C:\Users\Tuan\Documents\Visual Studio 2010\Projects\CS162_Project2v2\CS162_Project2\LinkedList\LinkedList.vcxproj" (build target(s)) -- FAILED.

Build FAILED.

Time Elapsed 00:00:05.90
